<?xml version="1.0" encoding="UTF-8"?>
<testng-results skipped="2" failed="1" ignored="0" total="16" passed="13">
  <reporter-output>
  </reporter-output>
  <suite name="Free CRM Automation Suite" duration-ms="350955" started-at="2020-04-05T20:08:28 EDT" finished-at="2020-04-05T20:14:19 EDT">
    <groups>
    </groups>
    <test name="Free CRM AutomationTest" duration-ms="350955" started-at="2020-04-05T20:08:28 EDT" finished-at="2020-04-05T20:14:19 EDT">
      <class name="com.crm.qa.testcases.ContactPageTest">
        <test-method status="PASS" signature="setUp()[pri:0, instance:com.crm.qa.testcases.ContactPageTest@7f13d6e]" name="setUp" is-config="true" duration-ms="17894" started-at="2020-04-05T20:09:51 EDT" finished-at="2020-04-05T20:10:09 EDT">
          <reporter-output>
          </reporter-output>
        </test-method> <!-- setUp -->
        <test-method status="FAIL" signature="verifyContactLabelTest()[pri:1, instance:com.crm.qa.testcases.ContactPageTest@7f13d6e]" name="verifyContactLabelTest" duration-ms="50520" started-at="2020-04-05T20:10:09 EDT" finished-at="2020-04-05T20:11:00 EDT">
          <exception class="org.openqa.selenium.NoSuchElementException">
            <message>
              <![CDATA[no such element: Unable to locate element: {"method":"xpath","selector":"//td[contains(text(),'Contacts')]"}
  (Session info: chrome=80.0.3987.163)
For documentation on this error, please visit: http://seleniumhq.org/exceptions/no_such_element.html
Build info: version: '3.10.0', revision: '176b4a9', time: '2018-03-02T19:03:16.397Z'
System info: host: 'SAMINAPC', ip: '192.168.0.15', os.name: 'Windows 10', os.arch: 'amd64', os.version: '10.0', java.version: '1.8.0_131'
Driver info: org.openqa.selenium.chrome.ChromeDriver
Capabilities {acceptInsecureCerts: false, browserName: chrome, browserVersion: 80.0.3987.163, chrome: {chromedriverVersion: 80.0.3987.106 (f68069574609..., userDataDir: C:\Users\Toshiba\AppData\Lo...}, goog:chromeOptions: {debuggerAddress: localhost:59063}, javascriptEnabled: true, networkConnectionEnabled: false, pageLoadStrategy: normal, platform: WINDOWS, platformName: WINDOWS, proxy: Proxy(), setWindowRect: true, strictFileInteractability: false, timeouts: {implicit: 0, pageLoad: 300000, script: 30000}, unhandledPromptBehavior: dismiss and notify}
Session ID: 6d92b9c09812e330e9f1e0c2d6ee8559
*** Element info: {Using=xpath, value=//td[contains(text(),'Contacts')]}]]>
            </message>
            <full-stacktrace>
              <![CDATA[org.openqa.selenium.NoSuchElementException: no such element: Unable to locate element: {"method":"xpath","selector":"//td[contains(text(),'Contacts')]"}
  (Session info: chrome=80.0.3987.163)
For documentation on this error, please visit: http://seleniumhq.org/exceptions/no_such_element.html
Build info: version: '3.10.0', revision: '176b4a9', time: '2018-03-02T19:03:16.397Z'
System info: host: 'SAMINAPC', ip: '192.168.0.15', os.name: 'Windows 10', os.arch: 'amd64', os.version: '10.0', java.version: '1.8.0_131'
Driver info: org.openqa.selenium.chrome.ChromeDriver
Capabilities {acceptInsecureCerts: false, browserName: chrome, browserVersion: 80.0.3987.163, chrome: {chromedriverVersion: 80.0.3987.106 (f68069574609..., userDataDir: C:\Users\Toshiba\AppData\Lo...}, goog:chromeOptions: {debuggerAddress: localhost:59063}, javascriptEnabled: true, networkConnectionEnabled: false, pageLoadStrategy: normal, platform: WINDOWS, platformName: WINDOWS, proxy: Proxy(), setWindowRect: true, strictFileInteractability: false, timeouts: {implicit: 0, pageLoad: 300000, script: 30000}, unhandledPromptBehavior: dismiss and notify}
Session ID: 6d92b9c09812e330e9f1e0c2d6ee8559
*** Element info: {Using=xpath, value=//td[contains(text(),'Contacts')]}
at sun.reflect.NativeConstructorAccessorImpl.newInstance0(Native Method)
at sun.reflect.NativeConstructorAccessorImpl.newInstance(Unknown Source)
at sun.reflect.DelegatingConstructorAccessorImpl.newInstance(Unknown Source)
at java.lang.reflect.Constructor.newInstance(Unknown Source)
at org.openqa.selenium.remote.http.W3CHttpResponseCodec.createException(W3CHttpResponseCodec.java:187)
at org.openqa.selenium.remote.http.W3CHttpResponseCodec.decode(W3CHttpResponseCodec.java:122)
at org.openqa.selenium.remote.http.W3CHttpResponseCodec.decode(W3CHttpResponseCodec.java:49)
at org.openqa.selenium.remote.HttpCommandExecutor.execute(HttpCommandExecutor.java:160)
at org.openqa.selenium.remote.service.DriverCommandExecutor.execute(DriverCommandExecutor.java:83)
at org.openqa.selenium.remote.RemoteWebDriver.execute(RemoteWebDriver.java:601)
at org.openqa.selenium.remote.RemoteWebDriver.findElement(RemoteWebDriver.java:371)
at org.openqa.selenium.remote.RemoteWebDriver.findElementByXPath(RemoteWebDriver.java:473)
at org.openqa.selenium.By$ByXPath.findElement(By.java:361)
at org.openqa.selenium.remote.RemoteWebDriver.findElement(RemoteWebDriver.java:363)
at sun.reflect.NativeMethodAccessorImpl.invoke0(Native Method)
at sun.reflect.NativeMethodAccessorImpl.invoke(Unknown Source)
at sun.reflect.DelegatingMethodAccessorImpl.invoke(Unknown Source)
at java.lang.reflect.Method.invoke(Unknown Source)
at org.openqa.selenium.support.events.EventFiringWebDriver.lambda$new$1(EventFiringWebDriver.java:103)
at com.sun.proxy.$Proxy8.findElement(Unknown Source)
at org.openqa.selenium.support.events.EventFiringWebDriver.findElement(EventFiringWebDriver.java:186)
at org.openqa.selenium.support.pagefactory.DefaultElementLocator.findElement(DefaultElementLocator.java:69)
at org.openqa.selenium.support.pagefactory.internal.LocatingElementHandler.invoke(LocatingElementHandler.java:38)
at com.sun.proxy.$Proxy12.isDisplayed(Unknown Source)
at com.crm.qa.pages.ContactPage.verifyContactsLabel(ContactPage.java:45)
at com.crm.qa.testcases.ContactPageTest.verifyContactLabelTest(ContactPageTest.java:44)
at sun.reflect.NativeMethodAccessorImpl.invoke0(Native Method)
at sun.reflect.NativeMethodAccessorImpl.invoke(Unknown Source)
at sun.reflect.DelegatingMethodAccessorImpl.invoke(Unknown Source)
at java.lang.reflect.Method.invoke(Unknown Source)
at org.testng.internal.MethodInvocationHelper.invokeMethod(MethodInvocationHelper.java:133)
at org.testng.internal.TestInvoker.invokeMethod(TestInvoker.java:584)
at org.testng.internal.TestInvoker.invokeTestMethod(TestInvoker.java:172)
at org.testng.internal.MethodRunner.runInSequence(MethodRunner.java:46)
at org.testng.internal.TestInvoker$MethodInvocationAgent.invoke(TestInvoker.java:804)
at org.testng.internal.TestInvoker.invokeTestMethods(TestInvoker.java:145)
at org.testng.internal.TestMethodWorker.invokeTestMethods(TestMethodWorker.java:146)
at org.testng.internal.TestMethodWorker.run(TestMethodWorker.java:128)
at java.util.ArrayList.forEach(Unknown Source)
at org.testng.TestRunner.privateRun(TestRunner.java:770)
at org.testng.TestRunner.run(TestRunner.java:591)
at org.testng.SuiteRunner.runTest(SuiteRunner.java:402)
at org.testng.SuiteRunner.runSequentially(SuiteRunner.java:396)
at org.testng.SuiteRunner.privateRun(SuiteRunner.java:355)
at org.testng.SuiteRunner.run(SuiteRunner.java:304)
at org.testng.SuiteRunnerWorker.runSuite(SuiteRunnerWorker.java:53)
at org.testng.SuiteRunnerWorker.run(SuiteRunnerWorker.java:96)
at org.testng.TestNG.runSuitesSequentially(TestNG.java:1180)
at org.testng.TestNG.runSuitesLocally(TestNG.java:1102)
at org.testng.TestNG.runSuites(TestNG.java:1032)
at org.testng.TestNG.run(TestNG.java:1000)
at org.testng.remote.AbstractRemoteTestNG.run(AbstractRemoteTestNG.java:115)
at org.testng.remote.RemoteTestNG.initAndRun(RemoteTestNG.java:251)
at org.testng.remote.RemoteTestNG.main(RemoteTestNG.java:77)
]]>
            </full-stacktrace>
          </exception> <!-- org.openqa.selenium.NoSuchElementException -->
          <reporter-output>
          </reporter-output>
        </test-method> <!-- verifyContactLabelTest -->
        <test-method status="PASS" signature="tearDown()[pri:0, instance:com.crm.qa.testcases.ContactPageTest@7f13d6e]" name="tearDown" is-config="true" duration-ms="810" started-at="2020-04-05T20:11:00 EDT" finished-at="2020-04-05T20:11:01 EDT">
          <reporter-output>
          </reporter-output>
        </test-method> <!-- tearDown -->
        <test-method status="PASS" signature="setUp()[pri:0, instance:com.crm.qa.testcases.ContactPageTest@7f13d6e]" name="setUp" is-config="true" duration-ms="18373" started-at="2020-04-05T20:11:01 EDT" finished-at="2020-04-05T20:11:19 EDT">
          <reporter-output>
          </reporter-output>
        </test-method> <!-- setUp -->
        <test-method status="PASS" signature="selectContactNameTest()[pri:2, instance:com.crm.qa.testcases.ContactPageTest@7f13d6e]" name="selectContactNameTest" duration-ms="1471" started-at="2020-04-05T20:11:19 EDT" finished-at="2020-04-05T20:11:21 EDT">
          <reporter-output>
          </reporter-output>
        </test-method> <!-- selectContactNameTest -->
        <test-method status="PASS" signature="tearDown()[pri:0, instance:com.crm.qa.testcases.ContactPageTest@7f13d6e]" name="tearDown" is-config="true" duration-ms="988" started-at="2020-04-05T20:11:21 EDT" finished-at="2020-04-05T20:11:22 EDT">
          <reporter-output>
          </reporter-output>
        </test-method> <!-- tearDown -->
        <test-method status="PASS" signature="setUp()[pri:0, instance:com.crm.qa.testcases.ContactPageTest@7f13d6e]" name="setUp" is-config="true" duration-ms="19450" started-at="2020-04-05T20:11:22 EDT" finished-at="2020-04-05T20:11:41 EDT">
          <reporter-output>
          </reporter-output>
        </test-method> <!-- setUp -->
        <test-method status="PASS" signature="selectMultipleContactsNameTest()[pri:3, instance:com.crm.qa.testcases.ContactPageTest@7f13d6e]" name="selectMultipleContactsNameTest" duration-ms="3803" started-at="2020-04-05T20:11:41 EDT" finished-at="2020-04-05T20:11:45 EDT">
          <reporter-output>
          </reporter-output>
        </test-method> <!-- selectMultipleContactsNameTest -->
        <test-method status="PASS" signature="tearDown()[pri:0, instance:com.crm.qa.testcases.ContactPageTest@7f13d6e]" name="tearDown" is-config="true" duration-ms="1215" started-at="2020-04-05T20:11:45 EDT" finished-at="2020-04-05T20:11:46 EDT">
          <reporter-output>
          </reporter-output>
        </test-method> <!-- tearDown -->
        <test-method status="PASS" signature="setUp()[pri:0, instance:com.crm.qa.testcases.ContactPageTest@7f13d6e]" name="setUp" is-config="true" duration-ms="17465" started-at="2020-04-05T20:11:48 EDT" finished-at="2020-04-05T20:12:05 EDT">
          <reporter-output>
          </reporter-output>
        </test-method> <!-- setUp -->
        <test-method status="PASS" signature="validateCreateNewContactTest(java.lang.String, java.lang.String, java.lang.String, java.lang.String)[pri:4, instance:com.crm.qa.testcases.ContactPageTest@7f13d6e]" name="validateCreateNewContactTest" duration-ms="3548" started-at="2020-04-05T20:12:05 EDT" data-provider="getCRMTestData" finished-at="2020-04-05T20:12:09 EDT">
          <params>
            <param index="0">
              <value>
                <![CDATA[Mrs.]]>
              </value>
            </param>
            <param index="1">
              <value>
                <![CDATA[Zoya]]>
              </value>
            </param>
            <param index="2">
              <value>
                <![CDATA[Patel]]>
              </value>
            </param>
            <param index="3">
              <value>
                <![CDATA[Google]]>
              </value>
            </param>
          </params>
          <reporter-output>
          </reporter-output>
        </test-method> <!-- validateCreateNewContactTest -->
        <test-method status="PASS" signature="tearDown()[pri:0, instance:com.crm.qa.testcases.ContactPageTest@7f13d6e]" name="tearDown" is-config="true" duration-ms="802" started-at="2020-04-05T20:12:09 EDT" finished-at="2020-04-05T20:12:10 EDT">
          <reporter-output>
          </reporter-output>
        </test-method> <!-- tearDown -->
        <test-method status="PASS" signature="setUp()[pri:0, instance:com.crm.qa.testcases.ContactPageTest@7f13d6e]" name="setUp" is-config="true" duration-ms="17558" started-at="2020-04-05T20:12:10 EDT" finished-at="2020-04-05T20:12:27 EDT">
          <reporter-output>
          </reporter-output>
        </test-method> <!-- setUp -->
        <test-method status="PASS" signature="validateCreateNewContactTest(java.lang.String, java.lang.String, java.lang.String, java.lang.String)[pri:4, instance:com.crm.qa.testcases.ContactPageTest@7f13d6e]" name="validateCreateNewContactTest" duration-ms="3561" started-at="2020-04-05T20:12:27 EDT" data-provider="getCRMTestData" finished-at="2020-04-05T20:12:31 EDT">
          <params>
            <param index="0">
              <value>
                <![CDATA[Mr.]]>
              </value>
            </param>
            <param index="1">
              <value>
                <![CDATA[Sam]]>
              </value>
            </param>
            <param index="2">
              <value>
                <![CDATA[Peter]]>
              </value>
            </param>
            <param index="3">
              <value>
                <![CDATA[Amazon]]>
              </value>
            </param>
          </params>
          <reporter-output>
          </reporter-output>
        </test-method> <!-- validateCreateNewContactTest -->
        <test-method status="PASS" signature="tearDown()[pri:0, instance:com.crm.qa.testcases.ContactPageTest@7f13d6e]" name="tearDown" is-config="true" duration-ms="952" started-at="2020-04-05T20:12:31 EDT" finished-at="2020-04-05T20:12:32 EDT">
          <reporter-output>
          </reporter-output>
        </test-method> <!-- tearDown -->
        <test-method status="PASS" signature="setUp()[pri:0, instance:com.crm.qa.testcases.ContactPageTest@7f13d6e]" name="setUp" is-config="true" duration-ms="17798" started-at="2020-04-05T20:12:32 EDT" finished-at="2020-04-05T20:12:49 EDT">
          <reporter-output>
          </reporter-output>
        </test-method> <!-- setUp -->
        <test-method status="PASS" signature="validateCreateNewContactTest(java.lang.String, java.lang.String, java.lang.String, java.lang.String)[pri:4, instance:com.crm.qa.testcases.ContactPageTest@7f13d6e]" name="validateCreateNewContactTest" duration-ms="3838" started-at="2020-04-05T20:12:49 EDT" data-provider="getCRMTestData" finished-at="2020-04-05T20:12:53 EDT">
          <params>
            <param index="0">
              <value>
                <![CDATA[Dr.]]>
              </value>
            </param>
            <param index="1">
              <value>
                <![CDATA[Tom]]>
              </value>
            </param>
            <param index="2">
              <value>
                <![CDATA[Lui]]>
              </value>
            </param>
            <param index="3">
              <value>
                <![CDATA[Amazon]]>
              </value>
            </param>
          </params>
          <reporter-output>
          </reporter-output>
        </test-method> <!-- validateCreateNewContactTest -->
        <test-method status="PASS" signature="tearDown()[pri:0, instance:com.crm.qa.testcases.ContactPageTest@7f13d6e]" name="tearDown" is-config="true" duration-ms="1082" started-at="2020-04-05T20:12:53 EDT" finished-at="2020-04-05T20:12:54 EDT">
          <reporter-output>
          </reporter-output>
        </test-method> <!-- tearDown -->
      </class> <!-- com.crm.qa.testcases.ContactPageTest -->
      <class name="com.crm.qa.testcases.HomePageTest">
        <test-method status="PASS" signature="setUp()[pri:0, instance:com.crm.qa.testcases.HomePageTest@71bbf57e]" name="setUp" is-config="true" duration-ms="18638" started-at="2020-04-05T20:09:15 EDT" finished-at="2020-04-05T20:09:34 EDT">
          <reporter-output>
          </reporter-output>
        </test-method> <!-- setUp -->
        <test-method status="PASS" signature="verifyHomePageTitleTest()[pri:1, instance:com.crm.qa.testcases.HomePageTest@71bbf57e]" name="verifyHomePageTitleTest" duration-ms="17" started-at="2020-04-05T20:09:34 EDT" finished-at="2020-04-05T20:09:34 EDT">
          <reporter-output>
          </reporter-output>
        </test-method> <!-- verifyHomePageTitleTest -->
        <test-method status="PASS" signature="tearDown()[pri:0, instance:com.crm.qa.testcases.HomePageTest@71bbf57e]" name="tearDown" is-config="true" duration-ms="1380" started-at="2020-04-05T20:09:34 EDT" finished-at="2020-04-05T20:09:35 EDT">
          <reporter-output>
          </reporter-output>
        </test-method> <!-- tearDown -->
        <test-method status="FAIL" signature="setUp()[pri:0, instance:com.crm.qa.testcases.HomePageTest@71bbf57e]" name="setUp" is-config="true" duration-ms="16011" started-at="2020-04-05T20:09:35 EDT" finished-at="2020-04-05T20:09:51 EDT">
          <exception class="org.openqa.selenium.SessionNotCreatedException">
            <message>
              <![CDATA[session not created
from chrome not reachable
  (Session info: chrome=80.0.3987.163)
Build info: version: '3.10.0', revision: '176b4a9', time: '2018-03-02T19:03:16.397Z'
System info: host: 'SAMINAPC', ip: '192.168.0.15', os.name: 'Windows 10', os.arch: 'amd64', os.version: '10.0', java.version: '1.8.0_131'
Driver info: driver.version: ChromeDriver
remote stacktrace: Backtrace:
Ordinal0 [0x004E0C83+1707139]
Ordinal0 [0x004468F1+1075441]
Ordinal0 [0x003BDE72+515698]
Ordinal0 [0x003B7CA8+490664]
Ordinal0 [0x003B839B+492443]
Ordinal0 [0x003B92F5+496373]
Ordinal0 [0x003B4F05+478981]
Ordinal0 [0x003BECA0+519328]
Ordinal0 [0x0036CA67+182887]
Ordinal0 [0x0036BDDD+179677]
Ordinal0 [0x00369D4B+171339]
Ordinal0 [0x00351D4A+73034]
Ordinal0 [0x00352DC0+77248]
Ordinal0 [0x00352D59+77145]
Ordinal0 [0x0045BB67+1162087]
GetHandleVerifier [0x0057A966+508998]
GetHandleVerifier [0x0057A6A4+508292]
GetHandleVerifier [0x0058F7B7+594583]
GetHandleVerifier [0x0057B1D6+511158]
Ordinal0 [0x0045402C+1130540]
Ordinal0 [0x0045D4CB+1168587]
Ordinal0 [0x0045D633+1168947]
Ordinal0 [0x00475B35+1268533]
BaseThreadInitThunk [0x759A6359+25]
RtlGetAppContainerNamedObjectPath [0x77A17B74+228]
RtlGetAppContainerNamedObjectPath [0x77A17B44+180]
]]>
            </message>
            <full-stacktrace>
              <![CDATA[org.openqa.selenium.SessionNotCreatedException: session not created
from chrome not reachable
  (Session info: chrome=80.0.3987.163)
Build info: version: '3.10.0', revision: '176b4a9', time: '2018-03-02T19:03:16.397Z'
System info: host: 'SAMINAPC', ip: '192.168.0.15', os.name: 'Windows 10', os.arch: 'amd64', os.version: '10.0', java.version: '1.8.0_131'
Driver info: driver.version: ChromeDriver
remote stacktrace: Backtrace:
Ordinal0 [0x004E0C83+1707139]
Ordinal0 [0x004468F1+1075441]
Ordinal0 [0x003BDE72+515698]
Ordinal0 [0x003B7CA8+490664]
Ordinal0 [0x003B839B+492443]
Ordinal0 [0x003B92F5+496373]
Ordinal0 [0x003B4F05+478981]
Ordinal0 [0x003BECA0+519328]
Ordinal0 [0x0036CA67+182887]
Ordinal0 [0x0036BDDD+179677]
Ordinal0 [0x00369D4B+171339]
Ordinal0 [0x00351D4A+73034]
Ordinal0 [0x00352DC0+77248]
Ordinal0 [0x00352D59+77145]
Ordinal0 [0x0045BB67+1162087]
GetHandleVerifier [0x0057A966+508998]
GetHandleVerifier [0x0057A6A4+508292]
GetHandleVerifier [0x0058F7B7+594583]
GetHandleVerifier [0x0057B1D6+511158]
Ordinal0 [0x0045402C+1130540]
Ordinal0 [0x0045D4CB+1168587]
Ordinal0 [0x0045D633+1168947]
Ordinal0 [0x00475B35+1268533]
BaseThreadInitThunk [0x759A6359+25]
RtlGetAppContainerNamedObjectPath [0x77A17B74+228]
RtlGetAppContainerNamedObjectPath [0x77A17B44+180]

at sun.reflect.NativeConstructorAccessorImpl.newInstance0(Native Method)
at sun.reflect.NativeConstructorAccessorImpl.newInstance(Unknown Source)
at sun.reflect.DelegatingConstructorAccessorImpl.newInstance(Unknown Source)
at java.lang.reflect.Constructor.newInstance(Unknown Source)
at org.openqa.selenium.remote.W3CHandshakeResponse.lambda$new$0(W3CHandshakeResponse.java:57)
at org.openqa.selenium.remote.W3CHandshakeResponse.lambda$getResponseFunction$2(W3CHandshakeResponse.java:104)
at org.openqa.selenium.remote.ProtocolHandshake.lambda$createSession$0(ProtocolHandshake.java:123)
at java.util.stream.ReferencePipeline$3$1.accept(Unknown Source)
at java.util.Spliterators$ArraySpliterator.tryAdvance(Unknown Source)
at java.util.stream.ReferencePipeline.forEachWithCancel(Unknown Source)
at java.util.stream.AbstractPipeline.copyIntoWithCancel(Unknown Source)
at java.util.stream.AbstractPipeline.copyInto(Unknown Source)
at java.util.stream.AbstractPipeline.wrapAndCopyInto(Unknown Source)
at java.util.stream.FindOps$FindOp.evaluateSequential(Unknown Source)
at java.util.stream.AbstractPipeline.evaluate(Unknown Source)
at java.util.stream.ReferencePipeline.findFirst(Unknown Source)
at org.openqa.selenium.remote.ProtocolHandshake.createSession(ProtocolHandshake.java:126)
at org.openqa.selenium.remote.ProtocolHandshake.createSession(ProtocolHandshake.java:73)
at org.openqa.selenium.remote.HttpCommandExecutor.execute(HttpCommandExecutor.java:138)
at org.openqa.selenium.remote.service.DriverCommandExecutor.execute(DriverCommandExecutor.java:83)
at org.openqa.selenium.remote.RemoteWebDriver.execute(RemoteWebDriver.java:601)
at org.openqa.selenium.remote.RemoteWebDriver.startSession(RemoteWebDriver.java:219)
at org.openqa.selenium.remote.RemoteWebDriver.<init>(RemoteWebDriver.java:142)
at org.openqa.selenium.chrome.ChromeDriver.<init>(ChromeDriver.java:181)
at org.openqa.selenium.chrome.ChromeDriver.<init>(ChromeDriver.java:168)
at org.openqa.selenium.chrome.ChromeDriver.<init>(ChromeDriver.java:123)
at com.crm.qa.base.TestBase.initialization(TestBase.java:43)
at com.crm.qa.testcases.HomePageTest.setUp(HomePageTest.java:27)
at sun.reflect.NativeMethodAccessorImpl.invoke0(Native Method)
at sun.reflect.NativeMethodAccessorImpl.invoke(Unknown Source)
at sun.reflect.DelegatingMethodAccessorImpl.invoke(Unknown Source)
at java.lang.reflect.Method.invoke(Unknown Source)
at org.testng.internal.MethodInvocationHelper.invokeMethod(MethodInvocationHelper.java:133)
at org.testng.internal.MethodInvocationHelper.invokeMethodConsideringTimeout(MethodInvocationHelper.java:62)
at org.testng.internal.ConfigInvoker.invokeConfigurationMethod(ConfigInvoker.java:340)
at org.testng.internal.ConfigInvoker.invokeConfigurations(ConfigInvoker.java:294)
at org.testng.internal.TestInvoker.runConfigMethods(TestInvoker.java:683)
at org.testng.internal.TestInvoker.invokeMethod(TestInvoker.java:510)
at org.testng.internal.TestInvoker.invokeTestMethod(TestInvoker.java:172)
at org.testng.internal.MethodRunner.runInSequence(MethodRunner.java:46)
at org.testng.internal.TestInvoker$MethodInvocationAgent.invoke(TestInvoker.java:804)
at org.testng.internal.TestInvoker.invokeTestMethods(TestInvoker.java:145)
at org.testng.internal.TestMethodWorker.invokeTestMethods(TestMethodWorker.java:146)
at org.testng.internal.TestMethodWorker.run(TestMethodWorker.java:128)
at java.util.ArrayList.forEach(Unknown Source)
at org.testng.TestRunner.privateRun(TestRunner.java:770)
at org.testng.TestRunner.run(TestRunner.java:591)
at org.testng.SuiteRunner.runTest(SuiteRunner.java:402)
at org.testng.SuiteRunner.runSequentially(SuiteRunner.java:396)
at org.testng.SuiteRunner.privateRun(SuiteRunner.java:355)
at org.testng.SuiteRunner.run(SuiteRunner.java:304)
at org.testng.SuiteRunnerWorker.runSuite(SuiteRunnerWorker.java:53)
at org.testng.SuiteRunnerWorker.run(SuiteRunnerWorker.java:96)
at org.testng.TestNG.runSuitesSequentially(TestNG.java:1180)
at org.testng.TestNG.runSuitesLocally(TestNG.java:1102)
at org.testng.TestNG.runSuites(TestNG.java:1032)
at org.testng.TestNG.run(TestNG.java:1000)
at org.testng.remote.AbstractRemoteTestNG.run(AbstractRemoteTestNG.java:115)
at org.testng.remote.RemoteTestNG.initAndRun(RemoteTestNG.java:251)
at org.testng.remote.RemoteTestNG.main(RemoteTestNG.java:77)
]]>
            </full-stacktrace>
          </exception> <!-- org.openqa.selenium.SessionNotCreatedException -->
          <reporter-output>
          </reporter-output>
        </test-method> <!-- setUp -->
        <test-method status="SKIP" signature="verifyHomePageUsernameTest()[pri:2, instance:com.crm.qa.testcases.HomePageTest@71bbf57e]" name="verifyHomePageUsernameTest" duration-ms="0" started-at="2020-04-05T20:09:51 EDT" finished-at="2020-04-05T20:09:51 EDT">
          <exception class="org.openqa.selenium.SessionNotCreatedException">
            <message>
              <![CDATA[session not created
from chrome not reachable
  (Session info: chrome=80.0.3987.163)
Build info: version: '3.10.0', revision: '176b4a9', time: '2018-03-02T19:03:16.397Z'
System info: host: 'SAMINAPC', ip: '192.168.0.15', os.name: 'Windows 10', os.arch: 'amd64', os.version: '10.0', java.version: '1.8.0_131'
Driver info: driver.version: ChromeDriver
remote stacktrace: Backtrace:
Ordinal0 [0x004E0C83+1707139]
Ordinal0 [0x004468F1+1075441]
Ordinal0 [0x003BDE72+515698]
Ordinal0 [0x003B7CA8+490664]
Ordinal0 [0x003B839B+492443]
Ordinal0 [0x003B92F5+496373]
Ordinal0 [0x003B4F05+478981]
Ordinal0 [0x003BECA0+519328]
Ordinal0 [0x0036CA67+182887]
Ordinal0 [0x0036BDDD+179677]
Ordinal0 [0x00369D4B+171339]
Ordinal0 [0x00351D4A+73034]
Ordinal0 [0x00352DC0+77248]
Ordinal0 [0x00352D59+77145]
Ordinal0 [0x0045BB67+1162087]
GetHandleVerifier [0x0057A966+508998]
GetHandleVerifier [0x0057A6A4+508292]
GetHandleVerifier [0x0058F7B7+594583]
GetHandleVerifier [0x0057B1D6+511158]
Ordinal0 [0x0045402C+1130540]
Ordinal0 [0x0045D4CB+1168587]
Ordinal0 [0x0045D633+1168947]
Ordinal0 [0x00475B35+1268533]
BaseThreadInitThunk [0x759A6359+25]
RtlGetAppContainerNamedObjectPath [0x77A17B74+228]
RtlGetAppContainerNamedObjectPath [0x77A17B44+180]
]]>
            </message>
            <full-stacktrace>
              <![CDATA[org.openqa.selenium.SessionNotCreatedException: session not created
from chrome not reachable
  (Session info: chrome=80.0.3987.163)
Build info: version: '3.10.0', revision: '176b4a9', time: '2018-03-02T19:03:16.397Z'
System info: host: 'SAMINAPC', ip: '192.168.0.15', os.name: 'Windows 10', os.arch: 'amd64', os.version: '10.0', java.version: '1.8.0_131'
Driver info: driver.version: ChromeDriver
remote stacktrace: Backtrace:
Ordinal0 [0x004E0C83+1707139]
Ordinal0 [0x004468F1+1075441]
Ordinal0 [0x003BDE72+515698]
Ordinal0 [0x003B7CA8+490664]
Ordinal0 [0x003B839B+492443]
Ordinal0 [0x003B92F5+496373]
Ordinal0 [0x003B4F05+478981]
Ordinal0 [0x003BECA0+519328]
Ordinal0 [0x0036CA67+182887]
Ordinal0 [0x0036BDDD+179677]
Ordinal0 [0x00369D4B+171339]
Ordinal0 [0x00351D4A+73034]
Ordinal0 [0x00352DC0+77248]
Ordinal0 [0x00352D59+77145]
Ordinal0 [0x0045BB67+1162087]
GetHandleVerifier [0x0057A966+508998]
GetHandleVerifier [0x0057A6A4+508292]
GetHandleVerifier [0x0058F7B7+594583]
GetHandleVerifier [0x0057B1D6+511158]
Ordinal0 [0x0045402C+1130540]
Ordinal0 [0x0045D4CB+1168587]
Ordinal0 [0x0045D633+1168947]
Ordinal0 [0x00475B35+1268533]
BaseThreadInitThunk [0x759A6359+25]
RtlGetAppContainerNamedObjectPath [0x77A17B74+228]
RtlGetAppContainerNamedObjectPath [0x77A17B44+180]

at sun.reflect.NativeConstructorAccessorImpl.newInstance0(Native Method)
at sun.reflect.NativeConstructorAccessorImpl.newInstance(Unknown Source)
at sun.reflect.DelegatingConstructorAccessorImpl.newInstance(Unknown Source)
at java.lang.reflect.Constructor.newInstance(Unknown Source)
at org.openqa.selenium.remote.W3CHandshakeResponse.lambda$new$0(W3CHandshakeResponse.java:57)
at org.openqa.selenium.remote.W3CHandshakeResponse.lambda$getResponseFunction$2(W3CHandshakeResponse.java:104)
at org.openqa.selenium.remote.ProtocolHandshake.lambda$createSession$0(ProtocolHandshake.java:123)
at java.util.stream.ReferencePipeline$3$1.accept(Unknown Source)
at java.util.Spliterators$ArraySpliterator.tryAdvance(Unknown Source)
at java.util.stream.ReferencePipeline.forEachWithCancel(Unknown Source)
at java.util.stream.AbstractPipeline.copyIntoWithCancel(Unknown Source)
at java.util.stream.AbstractPipeline.copyInto(Unknown Source)
at java.util.stream.AbstractPipeline.wrapAndCopyInto(Unknown Source)
at java.util.stream.FindOps$FindOp.evaluateSequential(Unknown Source)
at java.util.stream.AbstractPipeline.evaluate(Unknown Source)
at java.util.stream.ReferencePipeline.findFirst(Unknown Source)
at org.openqa.selenium.remote.ProtocolHandshake.createSession(ProtocolHandshake.java:126)
at org.openqa.selenium.remote.ProtocolHandshake.createSession(ProtocolHandshake.java:73)
at org.openqa.selenium.remote.HttpCommandExecutor.execute(HttpCommandExecutor.java:138)
at org.openqa.selenium.remote.service.DriverCommandExecutor.execute(DriverCommandExecutor.java:83)
at org.openqa.selenium.remote.RemoteWebDriver.execute(RemoteWebDriver.java:601)
at org.openqa.selenium.remote.RemoteWebDriver.startSession(RemoteWebDriver.java:219)
at org.openqa.selenium.remote.RemoteWebDriver.<init>(RemoteWebDriver.java:142)
at org.openqa.selenium.chrome.ChromeDriver.<init>(ChromeDriver.java:181)
at org.openqa.selenium.chrome.ChromeDriver.<init>(ChromeDriver.java:168)
at org.openqa.selenium.chrome.ChromeDriver.<init>(ChromeDriver.java:123)
at com.crm.qa.base.TestBase.initialization(TestBase.java:43)
at com.crm.qa.testcases.HomePageTest.setUp(HomePageTest.java:27)
at sun.reflect.NativeMethodAccessorImpl.invoke0(Native Method)
at sun.reflect.NativeMethodAccessorImpl.invoke(Unknown Source)
at sun.reflect.DelegatingMethodAccessorImpl.invoke(Unknown Source)
at java.lang.reflect.Method.invoke(Unknown Source)
at org.testng.internal.MethodInvocationHelper.invokeMethod(MethodInvocationHelper.java:133)
at org.testng.internal.MethodInvocationHelper.invokeMethodConsideringTimeout(MethodInvocationHelper.java:62)
at org.testng.internal.ConfigInvoker.invokeConfigurationMethod(ConfigInvoker.java:340)
at org.testng.internal.ConfigInvoker.invokeConfigurations(ConfigInvoker.java:294)
at org.testng.internal.TestInvoker.runConfigMethods(TestInvoker.java:683)
at org.testng.internal.TestInvoker.invokeMethod(TestInvoker.java:510)
at org.testng.internal.TestInvoker.invokeTestMethod(TestInvoker.java:172)
at org.testng.internal.MethodRunner.runInSequence(MethodRunner.java:46)
at org.testng.internal.TestInvoker$MethodInvocationAgent.invoke(TestInvoker.java:804)
at org.testng.internal.TestInvoker.invokeTestMethods(TestInvoker.java:145)
at org.testng.internal.TestMethodWorker.invokeTestMethods(TestMethodWorker.java:146)
at org.testng.internal.TestMethodWorker.run(TestMethodWorker.java:128)
at java.util.ArrayList.forEach(Unknown Source)
at org.testng.TestRunner.privateRun(TestRunner.java:770)
at org.testng.TestRunner.run(TestRunner.java:591)
at org.testng.SuiteRunner.runTest(SuiteRunner.java:402)
at org.testng.SuiteRunner.runSequentially(SuiteRunner.java:396)
at org.testng.SuiteRunner.privateRun(SuiteRunner.java:355)
at org.testng.SuiteRunner.run(SuiteRunner.java:304)
at org.testng.SuiteRunnerWorker.runSuite(SuiteRunnerWorker.java:53)
at org.testng.SuiteRunnerWorker.run(SuiteRunnerWorker.java:96)
at org.testng.TestNG.runSuitesSequentially(TestNG.java:1180)
at org.testng.TestNG.runSuitesLocally(TestNG.java:1102)
at org.testng.TestNG.runSuites(TestNG.java:1032)
at org.testng.TestNG.run(TestNG.java:1000)
at org.testng.remote.AbstractRemoteTestNG.run(AbstractRemoteTestNG.java:115)
at org.testng.remote.RemoteTestNG.initAndRun(RemoteTestNG.java:251)
at org.testng.remote.RemoteTestNG.main(RemoteTestNG.java:77)
]]>
            </full-stacktrace>
          </exception> <!-- org.openqa.selenium.SessionNotCreatedException -->
          <reporter-output>
          </reporter-output>
        </test-method> <!-- verifyHomePageUsernameTest -->
        <test-method status="SKIP" signature="tearDown()[pri:0, instance:com.crm.qa.testcases.HomePageTest@71bbf57e]" name="tearDown" is-config="true" duration-ms="-1586131791902" started-at="2020-04-05T20:09:51 EDT" finished-at="1969-12-31T19:00:00 EST">
          <reporter-output>
          </reporter-output>
        </test-method> <!-- tearDown -->
        <test-method status="SKIP" signature="setUp()[pri:0, instance:com.crm.qa.testcases.HomePageTest@71bbf57e]" name="setUp" is-config="true" duration-ms="-1586131791906" started-at="2020-04-05T20:09:51 EDT" finished-at="1969-12-31T19:00:00 EST">
          <reporter-output>
          </reporter-output>
        </test-method> <!-- setUp -->
        <test-method status="SKIP" signature="verifyContactsLinkTest()[pri:3, instance:com.crm.qa.testcases.HomePageTest@71bbf57e]" name="verifyContactsLinkTest" duration-ms="0" started-at="2020-04-05T20:09:51 EDT" finished-at="2020-04-05T20:09:51 EDT">
          <exception class="org.openqa.selenium.SessionNotCreatedException">
            <message>
              <![CDATA[session not created
from chrome not reachable
  (Session info: chrome=80.0.3987.163)
Build info: version: '3.10.0', revision: '176b4a9', time: '2018-03-02T19:03:16.397Z'
System info: host: 'SAMINAPC', ip: '192.168.0.15', os.name: 'Windows 10', os.arch: 'amd64', os.version: '10.0', java.version: '1.8.0_131'
Driver info: driver.version: ChromeDriver
remote stacktrace: Backtrace:
Ordinal0 [0x004E0C83+1707139]
Ordinal0 [0x004468F1+1075441]
Ordinal0 [0x003BDE72+515698]
Ordinal0 [0x003B7CA8+490664]
Ordinal0 [0x003B839B+492443]
Ordinal0 [0x003B92F5+496373]
Ordinal0 [0x003B4F05+478981]
Ordinal0 [0x003BECA0+519328]
Ordinal0 [0x0036CA67+182887]
Ordinal0 [0x0036BDDD+179677]
Ordinal0 [0x00369D4B+171339]
Ordinal0 [0x00351D4A+73034]
Ordinal0 [0x00352DC0+77248]
Ordinal0 [0x00352D59+77145]
Ordinal0 [0x0045BB67+1162087]
GetHandleVerifier [0x0057A966+508998]
GetHandleVerifier [0x0057A6A4+508292]
GetHandleVerifier [0x0058F7B7+594583]
GetHandleVerifier [0x0057B1D6+511158]
Ordinal0 [0x0045402C+1130540]
Ordinal0 [0x0045D4CB+1168587]
Ordinal0 [0x0045D633+1168947]
Ordinal0 [0x00475B35+1268533]
BaseThreadInitThunk [0x759A6359+25]
RtlGetAppContainerNamedObjectPath [0x77A17B74+228]
RtlGetAppContainerNamedObjectPath [0x77A17B44+180]
]]>
            </message>
            <full-stacktrace>
              <![CDATA[org.openqa.selenium.SessionNotCreatedException: session not created
from chrome not reachable
  (Session info: chrome=80.0.3987.163)
Build info: version: '3.10.0', revision: '176b4a9', time: '2018-03-02T19:03:16.397Z'
System info: host: 'SAMINAPC', ip: '192.168.0.15', os.name: 'Windows 10', os.arch: 'amd64', os.version: '10.0', java.version: '1.8.0_131'
Driver info: driver.version: ChromeDriver
remote stacktrace: Backtrace:
Ordinal0 [0x004E0C83+1707139]
Ordinal0 [0x004468F1+1075441]
Ordinal0 [0x003BDE72+515698]
Ordinal0 [0x003B7CA8+490664]
Ordinal0 [0x003B839B+492443]
Ordinal0 [0x003B92F5+496373]
Ordinal0 [0x003B4F05+478981]
Ordinal0 [0x003BECA0+519328]
Ordinal0 [0x0036CA67+182887]
Ordinal0 [0x0036BDDD+179677]
Ordinal0 [0x00369D4B+171339]
Ordinal0 [0x00351D4A+73034]
Ordinal0 [0x00352DC0+77248]
Ordinal0 [0x00352D59+77145]
Ordinal0 [0x0045BB67+1162087]
GetHandleVerifier [0x0057A966+508998]
GetHandleVerifier [0x0057A6A4+508292]
GetHandleVerifier [0x0058F7B7+594583]
GetHandleVerifier [0x0057B1D6+511158]
Ordinal0 [0x0045402C+1130540]
Ordinal0 [0x0045D4CB+1168587]
Ordinal0 [0x0045D633+1168947]
Ordinal0 [0x00475B35+1268533]
BaseThreadInitThunk [0x759A6359+25]
RtlGetAppContainerNamedObjectPath [0x77A17B74+228]
RtlGetAppContainerNamedObjectPath [0x77A17B44+180]

at sun.reflect.NativeConstructorAccessorImpl.newInstance0(Native Method)
at sun.reflect.NativeConstructorAccessorImpl.newInstance(Unknown Source)
at sun.reflect.DelegatingConstructorAccessorImpl.newInstance(Unknown Source)
at java.lang.reflect.Constructor.newInstance(Unknown Source)
at org.openqa.selenium.remote.W3CHandshakeResponse.lambda$new$0(W3CHandshakeResponse.java:57)
at org.openqa.selenium.remote.W3CHandshakeResponse.lambda$getResponseFunction$2(W3CHandshakeResponse.java:104)
at org.openqa.selenium.remote.ProtocolHandshake.lambda$createSession$0(ProtocolHandshake.java:123)
at java.util.stream.ReferencePipeline$3$1.accept(Unknown Source)
at java.util.Spliterators$ArraySpliterator.tryAdvance(Unknown Source)
at java.util.stream.ReferencePipeline.forEachWithCancel(Unknown Source)
at java.util.stream.AbstractPipeline.copyIntoWithCancel(Unknown Source)
at java.util.stream.AbstractPipeline.copyInto(Unknown Source)
at java.util.stream.AbstractPipeline.wrapAndCopyInto(Unknown Source)
at java.util.stream.FindOps$FindOp.evaluateSequential(Unknown Source)
at java.util.stream.AbstractPipeline.evaluate(Unknown Source)
at java.util.stream.ReferencePipeline.findFirst(Unknown Source)
at org.openqa.selenium.remote.ProtocolHandshake.createSession(ProtocolHandshake.java:126)
at org.openqa.selenium.remote.ProtocolHandshake.createSession(ProtocolHandshake.java:73)
at org.openqa.selenium.remote.HttpCommandExecutor.execute(HttpCommandExecutor.java:138)
at org.openqa.selenium.remote.service.DriverCommandExecutor.execute(DriverCommandExecutor.java:83)
at org.openqa.selenium.remote.RemoteWebDriver.execute(RemoteWebDriver.java:601)
at org.openqa.selenium.remote.RemoteWebDriver.startSession(RemoteWebDriver.java:219)
at org.openqa.selenium.remote.RemoteWebDriver.<init>(RemoteWebDriver.java:142)
at org.openqa.selenium.chrome.ChromeDriver.<init>(ChromeDriver.java:181)
at org.openqa.selenium.chrome.ChromeDriver.<init>(ChromeDriver.java:168)
at org.openqa.selenium.chrome.ChromeDriver.<init>(ChromeDriver.java:123)
at com.crm.qa.base.TestBase.initialization(TestBase.java:43)
at com.crm.qa.testcases.HomePageTest.setUp(HomePageTest.java:27)
at sun.reflect.NativeMethodAccessorImpl.invoke0(Native Method)
at sun.reflect.NativeMethodAccessorImpl.invoke(Unknown Source)
at sun.reflect.DelegatingMethodAccessorImpl.invoke(Unknown Source)
at java.lang.reflect.Method.invoke(Unknown Source)
at org.testng.internal.MethodInvocationHelper.invokeMethod(MethodInvocationHelper.java:133)
at org.testng.internal.MethodInvocationHelper.invokeMethodConsideringTimeout(MethodInvocationHelper.java:62)
at org.testng.internal.ConfigInvoker.invokeConfigurationMethod(ConfigInvoker.java:340)
at org.testng.internal.ConfigInvoker.invokeConfigurations(ConfigInvoker.java:294)
at org.testng.internal.TestInvoker.runConfigMethods(TestInvoker.java:683)
at org.testng.internal.TestInvoker.invokeMethod(TestInvoker.java:510)
at org.testng.internal.TestInvoker.invokeTestMethod(TestInvoker.java:172)
at org.testng.internal.MethodRunner.runInSequence(MethodRunner.java:46)
at org.testng.internal.TestInvoker$MethodInvocationAgent.invoke(TestInvoker.java:804)
at org.testng.internal.TestInvoker.invokeTestMethods(TestInvoker.java:145)
at org.testng.internal.TestMethodWorker.invokeTestMethods(TestMethodWorker.java:146)
at org.testng.internal.TestMethodWorker.run(TestMethodWorker.java:128)
at java.util.ArrayList.forEach(Unknown Source)
at org.testng.TestRunner.privateRun(TestRunner.java:770)
at org.testng.TestRunner.run(TestRunner.java:591)
at org.testng.SuiteRunner.runTest(SuiteRunner.java:402)
at org.testng.SuiteRunner.runSequentially(SuiteRunner.java:396)
at org.testng.SuiteRunner.privateRun(SuiteRunner.java:355)
at org.testng.SuiteRunner.run(SuiteRunner.java:304)
at org.testng.SuiteRunnerWorker.runSuite(SuiteRunnerWorker.java:53)
at org.testng.SuiteRunnerWorker.run(SuiteRunnerWorker.java:96)
at org.testng.TestNG.runSuitesSequentially(TestNG.java:1180)
at org.testng.TestNG.runSuitesLocally(TestNG.java:1102)
at org.testng.TestNG.runSuites(TestNG.java:1032)
at org.testng.TestNG.run(TestNG.java:1000)
at org.testng.remote.AbstractRemoteTestNG.run(AbstractRemoteTestNG.java:115)
at org.testng.remote.RemoteTestNG.initAndRun(RemoteTestNG.java:251)
at org.testng.remote.RemoteTestNG.main(RemoteTestNG.java:77)
]]>
            </full-stacktrace>
          </exception> <!-- org.openqa.selenium.SessionNotCreatedException -->
          <reporter-output>
          </reporter-output>
        </test-method> <!-- verifyContactsLinkTest -->
        <test-method status="SKIP" signature="tearDown()[pri:0, instance:com.crm.qa.testcases.HomePageTest@71bbf57e]" name="tearDown" is-config="true" duration-ms="-1586131791927" started-at="2020-04-05T20:09:51 EDT" finished-at="1969-12-31T19:00:00 EST">
          <reporter-output>
          </reporter-output>
        </test-method> <!-- tearDown -->
      </class> <!-- com.crm.qa.testcases.HomePageTest -->
      <class name="com.crm.qa.testcases.DealsPageTest">
        <test-method status="PASS" signature="setUp()[pri:0, instance:com.crm.qa.testcases.DealsPageTest@51cdd8a]" name="setUp" is-config="true" duration-ms="18074" started-at="2020-04-05T20:12:54 EDT" finished-at="2020-04-05T20:13:12 EDT">
          <reporter-output>
          </reporter-output>
        </test-method> <!-- setUp -->
        <test-method status="PASS" signature="verifyDealLabelTest()[pri:1, instance:com.crm.qa.testcases.DealsPageTest@51cdd8a]" name="verifyDealLabelTest" duration-ms="1354" started-at="2020-04-05T20:13:12 EDT" finished-at="2020-04-05T20:13:14 EDT">
          <reporter-output>
          </reporter-output>
        </test-method> <!-- verifyDealLabelTest -->
        <test-method status="PASS" signature="tearDown()[pri:0, instance:com.crm.qa.testcases.DealsPageTest@51cdd8a]" name="tearDown" is-config="true" duration-ms="1418" started-at="2020-04-05T20:13:14 EDT" finished-at="2020-04-05T20:13:15 EDT">
          <reporter-output>
          </reporter-output>
        </test-method> <!-- tearDown -->
        <test-method status="PASS" signature="setUp()[pri:0, instance:com.crm.qa.testcases.DealsPageTest@51cdd8a]" name="setUp" is-config="true" duration-ms="17149" started-at="2020-04-05T20:13:15 EDT" finished-at="2020-04-05T20:13:32 EDT">
          <reporter-output>
          </reporter-output>
        </test-method> <!-- setUp -->
        <test-method status="PASS" signature="createNewDealTest(java.lang.String, java.lang.String, java.lang.String)[pri:2, instance:com.crm.qa.testcases.DealsPageTest@51cdd8a]" name="createNewDealTest" duration-ms="3386" started-at="2020-04-05T20:13:32 EDT" data-provider="getData" finished-at="2020-04-05T20:13:36 EDT">
          <params>
            <param index="0">
              <value>
                <![CDATA[Test12]]>
              </value>
            </param>
            <param index="1">
              <value>
                <![CDATA[Amazon]]>
              </value>
            </param>
            <param index="2">
              <value>
                <![CDATA[Old]]>
              </value>
            </param>
          </params>
          <reporter-output>
          </reporter-output>
        </test-method> <!-- createNewDealTest -->
        <test-method status="PASS" signature="tearDown()[pri:0, instance:com.crm.qa.testcases.DealsPageTest@51cdd8a]" name="tearDown" is-config="true" duration-ms="1183" started-at="2020-04-05T20:13:36 EDT" finished-at="2020-04-05T20:13:37 EDT">
          <reporter-output>
          </reporter-output>
        </test-method> <!-- tearDown -->
        <test-method status="PASS" signature="setUp()[pri:0, instance:com.crm.qa.testcases.DealsPageTest@51cdd8a]" name="setUp" is-config="true" duration-ms="16966" started-at="2020-04-05T20:13:37 EDT" finished-at="2020-04-05T20:13:54 EDT">
          <reporter-output>
          </reporter-output>
        </test-method> <!-- setUp -->
        <test-method status="PASS" signature="createNewDealTest(java.lang.String, java.lang.String, java.lang.String)[pri:2, instance:com.crm.qa.testcases.DealsPageTest@51cdd8a]" name="createNewDealTest" duration-ms="3087" started-at="2020-04-05T20:13:54 EDT" data-provider="getData" finished-at="2020-04-05T20:13:57 EDT">
          <params>
            <param index="0">
              <value>
                <![CDATA[Test678]]>
              </value>
            </param>
            <param index="1">
              <value>
                <![CDATA[Google]]>
              </value>
            </param>
            <param index="2">
              <value>
                <![CDATA[New]]>
              </value>
            </param>
          </params>
          <reporter-output>
          </reporter-output>
        </test-method> <!-- createNewDealTest -->
        <test-method status="PASS" signature="tearDown()[pri:0, instance:com.crm.qa.testcases.DealsPageTest@51cdd8a]" name="tearDown" is-config="true" duration-ms="809" started-at="2020-04-05T20:13:57 EDT" finished-at="2020-04-05T20:13:58 EDT">
          <reporter-output>
          </reporter-output>
        </test-method> <!-- tearDown -->
        <test-method status="PASS" signature="setUp()[pri:0, instance:com.crm.qa.testcases.DealsPageTest@51cdd8a]" name="setUp" is-config="true" duration-ms="16872" started-at="2020-04-05T20:13:58 EDT" finished-at="2020-04-05T20:14:15 EDT">
          <reporter-output>
          </reporter-output>
        </test-method> <!-- setUp -->
        <test-method status="PASS" signature="createNewDealTest(java.lang.String, java.lang.String, java.lang.String)[pri:2, instance:com.crm.qa.testcases.DealsPageTest@51cdd8a]" name="createNewDealTest" duration-ms="3032" started-at="2020-04-05T20:14:15 EDT" data-provider="getData" finished-at="2020-04-05T20:14:18 EDT">
          <params>
            <param index="0">
              <value>
                <![CDATA[Test890]]>
              </value>
            </param>
            <param index="1">
              <value>
                <![CDATA[Ebay]]>
              </value>
            </param>
            <param index="2">
              <value>
                <![CDATA[Priority]]>
              </value>
            </param>
          </params>
          <reporter-output>
          </reporter-output>
        </test-method> <!-- createNewDealTest -->
        <test-method status="PASS" signature="tearDown()[pri:0, instance:com.crm.qa.testcases.DealsPageTest@51cdd8a]" name="tearDown" is-config="true" duration-ms="785" started-at="2020-04-05T20:14:18 EDT" finished-at="2020-04-05T20:14:19 EDT">
          <reporter-output>
          </reporter-output>
        </test-method> <!-- tearDown -->
      </class> <!-- com.crm.qa.testcases.DealsPageTest -->
      <class name="com.crm.qa.testcases.LoginPageTest">
        <test-method status="PASS" signature="setup()[pri:0, instance:com.crm.qa.testcases.LoginPageTest@711f39f9]" name="setup" is-config="true" duration-ms="14601" started-at="2020-04-05T20:08:28 EDT" finished-at="2020-04-05T20:08:42 EDT">
          <reporter-output>
          </reporter-output>
        </test-method> <!-- setup -->
        <test-method status="PASS" signature="loginPageTitleTest()[pri:1, instance:com.crm.qa.testcases.LoginPageTest@711f39f9]" name="loginPageTitleTest" duration-ms="96" started-at="2020-04-05T20:08:42 EDT" finished-at="2020-04-05T20:08:42 EDT">
          <reporter-output>
          </reporter-output>
        </test-method> <!-- loginPageTitleTest -->
        <test-method status="PASS" signature="teardown()[pri:0, instance:com.crm.qa.testcases.LoginPageTest@711f39f9]" name="teardown" is-config="true" duration-ms="901" started-at="2020-04-05T20:08:42 EDT" finished-at="2020-04-05T20:08:43 EDT">
          <reporter-output>
          </reporter-output>
        </test-method> <!-- teardown -->
        <test-method status="PASS" signature="setup()[pri:0, instance:com.crm.qa.testcases.LoginPageTest@711f39f9]" name="setup" is-config="true" duration-ms="12479" started-at="2020-04-05T20:08:43 EDT" finished-at="2020-04-05T20:08:56 EDT">
          <reporter-output>
          </reporter-output>
        </test-method> <!-- setup -->
        <test-method status="PASS" signature="crmLogoimageTest()[pri:2, instance:com.crm.qa.testcases.LoginPageTest@711f39f9]" name="crmLogoimageTest" duration-ms="275" started-at="2020-04-05T20:08:56 EDT" finished-at="2020-04-05T20:08:56 EDT">
          <reporter-output>
          </reporter-output>
        </test-method> <!-- crmLogoimageTest -->
        <test-method status="PASS" signature="teardown()[pri:0, instance:com.crm.qa.testcases.LoginPageTest@711f39f9]" name="teardown" is-config="true" duration-ms="855" started-at="2020-04-05T20:08:56 EDT" finished-at="2020-04-05T20:08:57 EDT">
          <reporter-output>
          </reporter-output>
        </test-method> <!-- teardown -->
        <test-method status="PASS" signature="setup()[pri:0, instance:com.crm.qa.testcases.LoginPageTest@711f39f9]" name="setup" is-config="true" duration-ms="12727" started-at="2020-04-05T20:08:57 EDT" finished-at="2020-04-05T20:09:10 EDT">
          <reporter-output>
          </reporter-output>
        </test-method> <!-- setup -->
        <test-method status="PASS" signature="loginTest()[pri:3, instance:com.crm.qa.testcases.LoginPageTest@711f39f9]" name="loginTest" duration-ms="4757" started-at="2020-04-05T20:09:10 EDT" finished-at="2020-04-05T20:09:14 EDT">
          <reporter-output>
          </reporter-output>
        </test-method> <!-- loginTest -->
        <test-method status="PASS" signature="teardown()[pri:0, instance:com.crm.qa.testcases.LoginPageTest@711f39f9]" name="teardown" is-config="true" duration-ms="925" started-at="2020-04-05T20:09:14 EDT" finished-at="2020-04-05T20:09:15 EDT">
          <reporter-output>
          </reporter-output>
        </test-method> <!-- teardown -->
      </class> <!-- com.crm.qa.testcases.LoginPageTest -->
    </test> <!-- Free CRM AutomationTest -->
  </suite> <!-- Free CRM Automation Suite -->
</testng-results>
